This is pdfTeX, Version 3.141592653-2.6-1.40.22 (TeX Live 2022/dev/Debian) (preloaded format=pdflatex 2023.5.30)  21 JAN 2024 19:49
entering extended mode
 restricted \write18 enabled.
 %&-line parsing enabled.
**main.tex
(./main.tex
LaTeX2e <2021-11-15> patch level 1
L3 programming layer <2022-01-21>
(/usr/share/texlive/texmf-dist/tex/latex/base/article.cls
Document Class: article 2021/10/04 v1.4n Standard LaTeX document class
(/usr/share/texlive/texmf-dist/tex/latex/base/size12.clo
File: size12.clo 2021/10/04 v1.4n Standard LaTeX file (size option)
)
\c@part=\count185
\c@section=\count186
\c@subsection=\count187
\c@subsubsection=\count188
\c@paragraph=\count189
\c@subparagraph=\count190
\c@figure=\count191
\c@table=\count192
\abovecaptionskip=\skip47
\belowcaptionskip=\skip48
\bibindent=\dimen138
)
(/usr/share/texlive/texmf-dist/tex/latex/base/inputenc.sty
Package: inputenc 2021/02/14 v1.3d Input encoding file
\inpenc@prehook=\toks16
\inpenc@posthook=\toks17
)
(/usr/share/texlive/texmf-dist/tex/generic/babel/babel.sty
Package: babel 2022/01/26 3.70 The Babel package
\babel@savecnt=\count193
\U@D=\dimen139
\l@unhyphenated=\language87

(/usr/share/texlive/texmf-dist/tex/generic/babel/txtbabel.def)
\bbl@readstream=\read2
\bbl@dirlevel=\count194

(/usr/share/texlive/texmf-dist/tex/generic/babel-spanish/spanish.ldf
Language: spanish.ldf 2021/05/27 v5.0q Spanish support from the babel system
\es@quottoks=\toks18
\es@quotdepth=\count195
Package babel Info: Making " an active character on input line 570.
Package babel Info: Making . an active character on input line 675.
Package babel Info: Making < an active character on input line 722.
Package babel Info: Making > an active character on input line 722.
))
(/usr/share/texlive/texmf-dist/tex/latex/amsmath/amsmath.sty
Package: amsmath 2021/10/15 v2.17l AMS math features
\@mathmargin=\skip49

For additional information on amsmath, use the `?' option.
(/usr/share/texlive/texmf-dist/tex/latex/amsmath/amstext.sty
Package: amstext 2021/08/26 v2.01 AMS text

(/usr/share/texlive/texmf-dist/tex/latex/amsmath/amsgen.sty
File: amsgen.sty 1999/11/30 v2.0 generic functions
\@emptytoks=\toks19
\ex@=\dimen140
))
(/usr/share/texlive/texmf-dist/tex/latex/amsmath/amsbsy.sty
Package: amsbsy 1999/11/29 v1.2d Bold Symbols
\pmbraise@=\dimen141
)
(/usr/share/texlive/texmf-dist/tex/latex/amsmath/amsopn.sty
Package: amsopn 2021/08/26 v2.02 operator names
)
\inf@bad=\count196
LaTeX Info: Redefining \frac on input line 234.
\uproot@=\count197
\leftroot@=\count198
LaTeX Info: Redefining \overline on input line 399.
\classnum@=\count199
\DOTSCASE@=\count266
LaTeX Info: Redefining \ldots on input line 496.
LaTeX Info: Redefining \dots on input line 499.
LaTeX Info: Redefining \cdots on input line 620.
\Mathstrutbox@=\box50
\strutbox@=\box51
\big@size=\dimen142
LaTeX Font Info:    Redeclaring font encoding OML on input line 743.
LaTeX Font Info:    Redeclaring font encoding OMS on input line 744.
\macc@depth=\count267
\c@MaxMatrixCols=\count268
\dotsspace@=\muskip16
\c@parentequation=\count269
\dspbrk@lvl=\count270
\tag@help=\toks20
\row@=\count271
\column@=\count272
\maxfields@=\count273
\andhelp@=\toks21
\eqnshift@=\dimen143
\alignsep@=\dimen144
\tagshift@=\dimen145
\tagwidth@=\dimen146
\totwidth@=\dimen147
\lineht@=\dimen148
\@envbody=\toks22
\multlinegap=\skip50
\multlinetaggap=\skip51
\mathdisplay@stack=\toks23
LaTeX Info: Redefining \[ on input line 2938.
LaTeX Info: Redefining \] on input line 2939.
)
(/usr/share/texlive/texmf-dist/tex/latex/amsfonts/amsfonts.sty
Package: amsfonts 2013/01/14 v3.01 Basic AMSFonts support
\symAMSa=\mathgroup4
\symAMSb=\mathgroup5
LaTeX Font Info:    Redeclaring math symbol \hbar on input line 98.
LaTeX Font Info:    Overwriting math alphabet `\mathfrak' in version `bold'
(Font)                  U/euf/m/n --> U/euf/b/n on input line 106.
)
(/usr/share/texlive/texmf-dist/tex/latex/amsfonts/amssymb.sty
Package: amssymb 2013/01/14 v3.01 AMS font symbols
)
(/usr/share/texlive/texmf-dist/tex/latex/siunitx/siunitx.sty
Package: siunitx 2022-02-02 v3.0.46 A comprehensive (SI) units package
\l__siunitx_angle_tmp_dim=\dimen149
\l__siunitx_angle_marker_box=\box52
\l__siunitx_angle_unit_box=\box53
\l__siunitx_compound_count_int=\count274

(/usr/share/texlive/texmf-dist/tex/latex/translations/translations.sty
Package: translations 2022/01/04 v1.11 internationalization of LaTeX2e packages
 (CN)

(/usr/share/texlive/texmf-dist/tex/latex/etoolbox/etoolbox.sty
Package: etoolbox 2020/10/05 v2.5k e-TeX tools for LaTeX (JAW)
\etb@tempcnta=\count275
)
(/usr/share/texlive/texmf-dist/tex/generic/pdftexcmds/pdftexcmds.sty
Package: pdftexcmds 2020-06-27 v0.33 Utility functions of pdfTeX for LuaTeX (HO
)

(/usr/share/texlive/texmf-dist/tex/generic/infwarerr/infwarerr.sty
Package: infwarerr 2019/12/03 v1.5 Providing info/warning/error messages (HO)
)
(/usr/share/texlive/texmf-dist/tex/generic/iftex/iftex.sty
Package: iftex 2020/03/06 v1.0d TeX engine tests
)
(/usr/share/texlive/texmf-dist/tex/generic/ltxcmds/ltxcmds.sty
Package: ltxcmds 2020-05-10 v1.25 LaTeX kernel commands for general use (HO)
)
Package pdftexcmds Info: \pdf@primitive is available.
Package pdftexcmds Info: \pdf@ifprimitive is available.
Package pdftexcmds Info: \pdfdraftmode found.
))
\l__siunitx_number_exponent_fixed_int=\count276
\l__siunitx_number_min_decimal_int=\count277
\l__siunitx_number_min_integer_int=\count278
\l__siunitx_number_round_precision_int=\count279
\l__siunitx_number_group_minimum_int=\count280
\l__siunitx_table_tmp_box=\box54
\l__siunitx_table_tmp_dim=\dimen150
\l__siunitx_table_column_width_dim=\dimen151
\l__siunitx_table_integer_box=\box55
\l__siunitx_table_decimal_box=\box56
\l__siunitx_table_before_box=\box57
\l__siunitx_table_after_box=\box58
\l__siunitx_table_before_dim=\dimen152
\l__siunitx_table_carry_dim=\dimen153
\l__siunitx_unit_tmp_int=\count281
\l__siunitx_unit_position_int=\count282
\l__siunitx_unit_total_int=\count283

(/usr/share/texlive/texmf-dist/tex/latex/l3packages/l3keys2e/l3keys2e.sty
(/usr/share/texlive/texmf-dist/tex/latex/l3kernel/expl3.sty
Package: expl3 2022-01-21 L3 programming layer (loader) 

(/usr/share/texlive/texmf-dist/tex/latex/l3backend/l3backend-pdftex.def
File: l3backend-pdftex.def 2022-01-12 L3 backend support: PDF output (pdfTeX)
\l__color_backend_stack_int=\count284
\l__pdf_internal_box=\box59
))
Package: l3keys2e 2022-01-12 LaTeX2e option processing using LaTeX3 keys
)
(/usr/share/texlive/texmf-dist/tex/latex/tools/array.sty
Package: array 2021/10/04 v2.5f Tabular extension package (FMi)
\col@sep=\dimen154
\ar@mcellbox=\box60
\extrarowheight=\dimen155
\NC@list=\toks24
\extratabsurround=\skip52
\backup@length=\skip53
\ar@cellbox=\box61
))
(/usr/share/texlive/texmf-dist/tex/latex/adjustbox/adjustbox.sty
Package: adjustbox 2020/08/19 v1.3 Adjusting TeX boxes (trim, clip, ...)

(/usr/share/texlive/texmf-dist/tex/latex/xkeyval/xkeyval.sty
Package: xkeyval 2020/11/20 v2.8 package option processing (HA)

(/usr/share/texlive/texmf-dist/tex/generic/xkeyval/xkeyval.tex
(/usr/share/texlive/texmf-dist/tex/generic/xkeyval/xkvutils.tex
\XKV@toks=\toks25
\XKV@tempa@toks=\toks26

(/usr/share/texlive/texmf-dist/tex/generic/xkeyval/keyval.tex))
\XKV@depth=\count285
File: xkeyval.tex 2014/12/03 v2.7a key=value parser (HA)
))
(/usr/share/texlive/texmf-dist/tex/latex/adjustbox/adjcalc.sty
Package: adjcalc 2012/05/16 v1.1 Provides advanced setlength with multiple back
-ends (calc, etex, pgfmath)
)
(/usr/share/texlive/texmf-dist/tex/latex/adjustbox/trimclip.sty
Package: trimclip 2020/08/19 v1.2 Trim and clip general TeX material

(/usr/share/texlive/texmf-dist/tex/latex/graphics/graphicx.sty
Package: graphicx 2021/09/16 v1.2d Enhanced LaTeX Graphics (DPC,SPQR)

(/usr/share/texlive/texmf-dist/tex/latex/graphics/graphics.sty
Package: graphics 2021/03/04 v1.4d Standard LaTeX Graphics (DPC,SPQR)

(/usr/share/texlive/texmf-dist/tex/latex/graphics/trig.sty
Package: trig 2021/08/11 v1.11 sin cos tan (DPC)
)
(/usr/share/texlive/texmf-dist/tex/latex/graphics-cfg/graphics.cfg
File: graphics.cfg 2016/06/04 v1.11 sample graphics configuration
)
Package graphics Info: Driver file: pdftex.def on input line 107.

(/usr/share/texlive/texmf-dist/tex/latex/graphics-def/pdftex.def
File: pdftex.def 2020/10/05 v1.2a Graphics/color driver for pdftex
))
\Gin@req@height=\dimen156
\Gin@req@width=\dimen157
)
(/usr/share/texlive/texmf-dist/tex/latex/collectbox/collectbox.sty
Package: collectbox 2012/05/17 v0.4b Collect macro arguments as boxes
\collectedbox=\box62
)
\tc@llx=\dimen158
\tc@lly=\dimen159
\tc@urx=\dimen160
\tc@ury=\dimen161
Package trimclip Info: Using driver 'tc-pdftex.def'.

(/usr/share/texlive/texmf-dist/tex/latex/adjustbox/tc-pdftex.def
File: tc-pdftex.def 2019/01/04 v2.2 Clipping driver for pdftex
))
\adjbox@Width=\dimen162
\adjbox@Height=\dimen163
\adjbox@Depth=\dimen164
\adjbox@Totalheight=\dimen165
\adjbox@pwidth=\dimen166
\adjbox@pheight=\dimen167
\adjbox@pdepth=\dimen168
\adjbox@ptotalheight=\dimen169

(/usr/share/texlive/texmf-dist/tex/latex/ifoddpage/ifoddpage.sty
Package: ifoddpage 2016/04/23 v1.1 Conditionals for odd/even page detection
\c@checkoddpage=\count286
)
(/usr/share/texlive/texmf-dist/tex/latex/varwidth/varwidth.sty
Package: varwidth 2009/03/30 ver 0.92;  Variable-width minipages
\@vwid@box=\box63
\sift@deathcycles=\count287
\@vwid@loff=\dimen170
\@vwid@roff=\dimen171
))
(/usr/share/texlive/texmf-dist/tex/latex/circuitikz/circuitikz.sty
Package: circuitikz 2021/12/06{} The CircuiTikz circuit drawing package version
 1.4.5

(/usr/share/texlive/texmf-dist/tex/latex/pgf/frontendlayer/tikz.sty
(/usr/share/texlive/texmf-dist/tex/latex/pgf/basiclayer/pgf.sty
(/usr/share/texlive/texmf-dist/tex/latex/pgf/utilities/pgfrcs.sty
(/usr/share/texlive/texmf-dist/tex/generic/pgf/utilities/pgfutil-common.tex
\pgfutil@everybye=\toks27
\pgfutil@tempdima=\dimen172
\pgfutil@tempdimb=\dimen173

(/usr/share/texlive/texmf-dist/tex/generic/pgf/utilities/pgfutil-common-lists.t
ex)) (/usr/share/texlive/texmf-dist/tex/generic/pgf/utilities/pgfutil-latex.def
\pgfutil@abb=\box64
) (/usr/share/texlive/texmf-dist/tex/generic/pgf/utilities/pgfrcs.code.tex
(/usr/share/texlive/texmf-dist/tex/generic/pgf/pgf.revision.tex)
Package: pgfrcs 2021/05/15 v3.1.9a (3.1.9a)
))
Package: pgf 2021/05/15 v3.1.9a (3.1.9a)

(/usr/share/texlive/texmf-dist/tex/latex/pgf/basiclayer/pgfcore.sty
(/usr/share/texlive/texmf-dist/tex/latex/pgf/systemlayer/pgfsys.sty
(/usr/share/texlive/texmf-dist/tex/generic/pgf/systemlayer/pgfsys.code.tex
Package: pgfsys 2021/05/15 v3.1.9a (3.1.9a)

(/usr/share/texlive/texmf-dist/tex/generic/pgf/utilities/pgfkeys.code.tex
\pgfkeys@pathtoks=\toks28
\pgfkeys@temptoks=\toks29

(/usr/share/texlive/texmf-dist/tex/generic/pgf/utilities/pgfkeysfiltered.code.t
ex
\pgfkeys@tmptoks=\toks30
))
\pgf@x=\dimen174
\pgf@y=\dimen175
\pgf@xa=\dimen176
\pgf@ya=\dimen177
\pgf@xb=\dimen178
\pgf@yb=\dimen179
\pgf@xc=\dimen180
\pgf@yc=\dimen181
\pgf@xd=\dimen182
\pgf@yd=\dimen183
\w@pgf@writea=\write3
\r@pgf@reada=\read3
\c@pgf@counta=\count288
\c@pgf@countb=\count289
\c@pgf@countc=\count290
\c@pgf@countd=\count291
\t@pgf@toka=\toks31
\t@pgf@tokb=\toks32
\t@pgf@tokc=\toks33
\pgf@sys@id@count=\count292
 (/usr/share/texlive/texmf-dist/tex/generic/pgf/systemlayer/pgf.cfg
File: pgf.cfg 2021/05/15 v3.1.9a (3.1.9a)
)
Driver file for pgf: pgfsys-pdftex.def

(/usr/share/texlive/texmf-dist/tex/generic/pgf/systemlayer/pgfsys-pdftex.def
File: pgfsys-pdftex.def 2021/05/15 v3.1.9a (3.1.9a)

(/usr/share/texlive/texmf-dist/tex/generic/pgf/systemlayer/pgfsys-common-pdf.de
f
File: pgfsys-common-pdf.def 2021/05/15 v3.1.9a (3.1.9a)
)))
(/usr/share/texlive/texmf-dist/tex/generic/pgf/systemlayer/pgfsyssoftpath.code.
tex
File: pgfsyssoftpath.code.tex 2021/05/15 v3.1.9a (3.1.9a)
\pgfsyssoftpath@smallbuffer@items=\count293
\pgfsyssoftpath@bigbuffer@items=\count294
)
(/usr/share/texlive/texmf-dist/tex/generic/pgf/systemlayer/pgfsysprotocol.code.
tex
File: pgfsysprotocol.code.tex 2021/05/15 v3.1.9a (3.1.9a)
)) (/usr/share/texlive/texmf-dist/tex/latex/xcolor/xcolor.sty
Package: xcolor 2021/10/31 v2.13 LaTeX color extensions (UK)

(/usr/share/texlive/texmf-dist/tex/latex/graphics-cfg/color.cfg
File: color.cfg 2016/01/02 v1.6 sample color configuration
)
Package xcolor Info: Driver file: pdftex.def on input line 227.
Package xcolor Info: Model `cmy' substituted by `cmy0' on input line 1352.
Package xcolor Info: Model `hsb' substituted by `rgb' on input line 1356.
Package xcolor Info: Model `RGB' extended on input line 1368.
Package xcolor Info: Model `HTML' substituted by `rgb' on input line 1370.
Package xcolor Info: Model `Hsb' substituted by `hsb' on input line 1371.
Package xcolor Info: Model `tHsb' substituted by `hsb' on input line 1372.
Package xcolor Info: Model `HSB' substituted by `hsb' on input line 1373.
Package xcolor Info: Model `Gray' substituted by `gray' on input line 1374.
Package xcolor Info: Model `wave' substituted by `hsb' on input line 1375.
)
(/usr/share/texlive/texmf-dist/tex/generic/pgf/basiclayer/pgfcore.code.tex
Package: pgfcore 2021/05/15 v3.1.9a (3.1.9a)

(/usr/share/texlive/texmf-dist/tex/generic/pgf/math/pgfmath.code.tex
(/usr/share/texlive/texmf-dist/tex/generic/pgf/math/pgfmathcalc.code.tex
(/usr/share/texlive/texmf-dist/tex/generic/pgf/math/pgfmathutil.code.tex)
(/usr/share/texlive/texmf-dist/tex/generic/pgf/math/pgfmathparser.code.tex
\pgfmath@dimen=\dimen184
\pgfmath@count=\count295
\pgfmath@box=\box65
\pgfmath@toks=\toks34
\pgfmath@stack@operand=\toks35
\pgfmath@stack@operation=\toks36
)
(/usr/share/texlive/texmf-dist/tex/generic/pgf/math/pgfmathfunctions.code.tex
(/usr/share/texlive/texmf-dist/tex/generic/pgf/math/pgfmathfunctions.basic.code
.tex)
(/usr/share/texlive/texmf-dist/tex/generic/pgf/math/pgfmathfunctions.trigonomet
ric.code.tex)
(/usr/share/texlive/texmf-dist/tex/generic/pgf/math/pgfmathfunctions.random.cod
e.tex)
(/usr/share/texlive/texmf-dist/tex/generic/pgf/math/pgfmathfunctions.comparison
.code.tex)
(/usr/share/texlive/texmf-dist/tex/generic/pgf/math/pgfmathfunctions.base.code.
tex)
(/usr/share/texlive/texmf-dist/tex/generic/pgf/math/pgfmathfunctions.round.code
.tex)
(/usr/share/texlive/texmf-dist/tex/generic/pgf/math/pgfmathfunctions.misc.code.
tex)
(/usr/share/texlive/texmf-dist/tex/generic/pgf/math/pgfmathfunctions.integerari
thmetics.code.tex)))
(/usr/share/texlive/texmf-dist/tex/generic/pgf/math/pgfmathfloat.code.tex
\c@pgfmathroundto@lastzeros=\count296
))
(/usr/share/texlive/texmf-dist/tex/generic/pgf/math/pgfint.code.tex)
(/usr/share/texlive/texmf-dist/tex/generic/pgf/basiclayer/pgfcorepoints.code.te
x
File: pgfcorepoints.code.tex 2021/05/15 v3.1.9a (3.1.9a)
\pgf@picminx=\dimen185
\pgf@picmaxx=\dimen186
\pgf@picminy=\dimen187
\pgf@picmaxy=\dimen188
\pgf@pathminx=\dimen189
\pgf@pathmaxx=\dimen190
\pgf@pathminy=\dimen191
\pgf@pathmaxy=\dimen192
\pgf@xx=\dimen193
\pgf@xy=\dimen194
\pgf@yx=\dimen195
\pgf@yy=\dimen196
\pgf@zx=\dimen197
\pgf@zy=\dimen198
)
(/usr/share/texlive/texmf-dist/tex/generic/pgf/basiclayer/pgfcorepathconstruct.
code.tex
File: pgfcorepathconstruct.code.tex 2021/05/15 v3.1.9a (3.1.9a)
\pgf@path@lastx=\dimen199
\pgf@path@lasty=\dimen256
)
(/usr/share/texlive/texmf-dist/tex/generic/pgf/basiclayer/pgfcorepathusage.code
.tex
File: pgfcorepathusage.code.tex 2021/05/15 v3.1.9a (3.1.9a)
\pgf@shorten@end@additional=\dimen257
\pgf@shorten@start@additional=\dimen258
)
(/usr/share/texlive/texmf-dist/tex/generic/pgf/basiclayer/pgfcorescopes.code.te
x
File: pgfcorescopes.code.tex 2021/05/15 v3.1.9a (3.1.9a)
\pgfpic=\box66
\pgf@hbox=\box67
\pgf@layerbox@main=\box68
\pgf@picture@serial@count=\count297
)
(/usr/share/texlive/texmf-dist/tex/generic/pgf/basiclayer/pgfcoregraphicstate.c
ode.tex
File: pgfcoregraphicstate.code.tex 2021/05/15 v3.1.9a (3.1.9a)
\pgflinewidth=\dimen259
)
(/usr/share/texlive/texmf-dist/tex/generic/pgf/basiclayer/pgfcoretransformation
s.code.tex
File: pgfcoretransformations.code.tex 2021/05/15 v3.1.9a (3.1.9a)
\pgf@pt@x=\dimen260
\pgf@pt@y=\dimen261
\pgf@pt@temp=\dimen262
)
(/usr/share/texlive/texmf-dist/tex/generic/pgf/basiclayer/pgfcorequick.code.tex
File: pgfcorequick.code.tex 2021/05/15 v3.1.9a (3.1.9a)
)
(/usr/share/texlive/texmf-dist/tex/generic/pgf/basiclayer/pgfcoreobjects.code.t
ex
File: pgfcoreobjects.code.tex 2021/05/15 v3.1.9a (3.1.9a)
)
(/usr/share/texlive/texmf-dist/tex/generic/pgf/basiclayer/pgfcorepathprocessing
.code.tex
File: pgfcorepathprocessing.code.tex 2021/05/15 v3.1.9a (3.1.9a)
)
(/usr/share/texlive/texmf-dist/tex/generic/pgf/basiclayer/pgfcorearrows.code.te
x
File: pgfcorearrows.code.tex 2021/05/15 v3.1.9a (3.1.9a)
\pgfarrowsep=\dimen263
)
(/usr/share/texlive/texmf-dist/tex/generic/pgf/basiclayer/pgfcoreshade.code.tex
File: pgfcoreshade.code.tex 2021/05/15 v3.1.9a (3.1.9a)
\pgf@max=\dimen264
\pgf@sys@shading@range@num=\count298
\pgf@shadingcount=\count299
)
(/usr/share/texlive/texmf-dist/tex/generic/pgf/basiclayer/pgfcoreimage.code.tex
File: pgfcoreimage.code.tex 2021/05/15 v3.1.9a (3.1.9a)

(/usr/share/texlive/texmf-dist/tex/generic/pgf/basiclayer/pgfcoreexternal.code.
tex
File: pgfcoreexternal.code.tex 2021/05/15 v3.1.9a (3.1.9a)
\pgfexternal@startupbox=\box69
))
(/usr/share/texlive/texmf-dist/tex/generic/pgf/basiclayer/pgfcorelayers.code.te
x
File: pgfcorelayers.code.tex 2021/05/15 v3.1.9a (3.1.9a)
)
(/usr/share/texlive/texmf-dist/tex/generic/pgf/basiclayer/pgfcoretransparency.c
ode.tex
File: pgfcoretransparency.code.tex 2021/05/15 v3.1.9a (3.1.9a)
)
(/usr/share/texlive/texmf-dist/tex/generic/pgf/basiclayer/pgfcorepatterns.code.
tex
File: pgfcorepatterns.code.tex 2021/05/15 v3.1.9a (3.1.9a)
)
(/usr/share/texlive/texmf-dist/tex/generic/pgf/basiclayer/pgfcorerdf.code.tex
File: pgfcorerdf.code.tex 2021/05/15 v3.1.9a (3.1.9a)
)))
(/usr/share/texlive/texmf-dist/tex/generic/pgf/modules/pgfmoduleshapes.code.tex
File: pgfmoduleshapes.code.tex 2021/05/15 v3.1.9a (3.1.9a)
\pgfnodeparttextbox=\box70
) (/usr/share/texlive/texmf-dist/tex/generic/pgf/modules/pgfmoduleplot.code.tex
File: pgfmoduleplot.code.tex 2021/05/15 v3.1.9a (3.1.9a)
)
(/usr/share/texlive/texmf-dist/tex/latex/pgf/compatibility/pgfcomp-version-0-65
.sty
Package: pgfcomp-version-0-65 2021/05/15 v3.1.9a (3.1.9a)
\pgf@nodesepstart=\dimen265
\pgf@nodesepend=\dimen266
)
(/usr/share/texlive/texmf-dist/tex/latex/pgf/compatibility/pgfcomp-version-1-18
.sty
Package: pgfcomp-version-1-18 2021/05/15 v3.1.9a (3.1.9a)
)) (/usr/share/texlive/texmf-dist/tex/latex/pgf/utilities/pgffor.sty
(/usr/share/texlive/texmf-dist/tex/latex/pgf/utilities/pgfkeys.sty
(/usr/share/texlive/texmf-dist/tex/generic/pgf/utilities/pgfkeys.code.tex))
(/usr/share/texlive/texmf-dist/tex/latex/pgf/math/pgfmath.sty
(/usr/share/texlive/texmf-dist/tex/generic/pgf/math/pgfmath.code.tex))
(/usr/share/texlive/texmf-dist/tex/generic/pgf/utilities/pgffor.code.tex
Package: pgffor 2021/05/15 v3.1.9a (3.1.9a)

(/usr/share/texlive/texmf-dist/tex/generic/pgf/math/pgfmath.code.tex)
\pgffor@iter=\dimen267
\pgffor@skip=\dimen268
\pgffor@stack=\toks37
\pgffor@toks=\toks38
))
(/usr/share/texlive/texmf-dist/tex/generic/pgf/frontendlayer/tikz/tikz.code.tex
Package: tikz 2021/05/15 v3.1.9a (3.1.9a)

(/usr/share/texlive/texmf-dist/tex/generic/pgf/libraries/pgflibraryplothandlers
.code.tex
File: pgflibraryplothandlers.code.tex 2021/05/15 v3.1.9a (3.1.9a)
\pgf@plot@mark@count=\count300
\pgfplotmarksize=\dimen269
)
\tikz@lastx=\dimen270
\tikz@lasty=\dimen271
\tikz@lastxsaved=\dimen272
\tikz@lastysaved=\dimen273
\tikz@lastmovetox=\dimen274
\tikz@lastmovetoy=\dimen275
\tikzleveldistance=\dimen276
\tikzsiblingdistance=\dimen277
\tikz@figbox=\box71
\tikz@figbox@bg=\box72
\tikz@tempbox=\box73
\tikz@tempbox@bg=\box74
\tikztreelevel=\count301
\tikznumberofchildren=\count302
\tikznumberofcurrentchild=\count303
\tikz@fig@count=\count304

(/usr/share/texlive/texmf-dist/tex/generic/pgf/modules/pgfmodulematrix.code.tex
File: pgfmodulematrix.code.tex 2021/05/15 v3.1.9a (3.1.9a)
\pgfmatrixcurrentrow=\count305
\pgfmatrixcurrentcolumn=\count306
\pgf@matrix@numberofcolumns=\count307
)
\tikz@expandcount=\count308

(/usr/share/texlive/texmf-dist/tex/generic/pgf/frontendlayer/tikz/libraries/tik
zlibrarytopaths.code.tex
File: tikzlibrarytopaths.code.tex 2021/05/15 v3.1.9a (3.1.9a)
)))
(/usr/share/texlive/texmf-dist/tex/generic/pgf/frontendlayer/tikz/libraries/tik
zlibrarycalc.code.tex
File: tikzlibrarycalc.code.tex 2021/05/15 v3.1.9a (3.1.9a)
)
(/usr/share/texlive/texmf-dist/tex/generic/pgf/libraries/pgflibraryarrows.meta.
code.tex
File: pgflibraryarrows.meta.code.tex 2021/05/15 v3.1.9a (3.1.9a)
\pgfarrowinset=\dimen278
\pgfarrowlength=\dimen279
\pgfarrowwidth=\dimen280
\pgfarrowlinewidth=\dimen281
)
(/usr/share/texlive/texmf-dist/tex/generic/pgf/frontendlayer/tikz/libraries/tik
zlibrarybending.code.tex
File: tikzlibrarybending.code.tex 2021/05/15 v3.1.9a (3.1.9a)

(/usr/share/texlive/texmf-dist/tex/generic/pgf/modules/pgfmodulebending.code.te
x
File: pgfmodulebending.code.tex 2021/05/15 v3.1.9a (3.1.9a)

(/usr/share/texlive/texmf-dist/tex/generic/pgf/modules/pgfmodulenonlineartransf
ormations.code.tex
File: pgfmodulenonlineartransformations.code.tex 2021/05/15 v3.1.9a (3.1.9a)
\pgftransformnonlinearflatness=\dimen282
)
(/usr/share/texlive/texmf-dist/tex/generic/pgf/libraries/pgflibrarycurvilinear.
code.tex
File: pgflibrarycurvilinear.code.tex 2021/05/15 v3.1.9a (3.1.9a)
\pgf@curvilinear@time@a=\dimen283
\pgf@curvilinear@length@a=\dimen284
\pgf@curvilinear@length@b=\dimen285
\pgf@curvilinear@length@c=\dimen286
\pgf@curvilinear@length@d=\dimen287
)
\pgf@arrows@the@rigidity=\dimen288
))
(/usr/share/texlive/texmf-dist/tex/generic/pgf/frontendlayer/tikz/libraries/tik
zlibraryfpu.code.tex
(/usr/share/texlive/texmf-dist/tex/generic/pgf/libraries/pgflibraryfpu.code.tex
)) (/usr/share/texlive/texmf-dist/tex/generic/circuitikz/pgfcirc.defines.tex
\pgf@circ@count@a=\count309
\pgf@circ@count@b=\count310
\pgf@circ@count@c=\count311
\pgf@circ@res@up=\dimen289
\pgf@circ@res@down=\dimen290
\pgf@circ@res@zero=\dimen291
\pgf@circ@res@left=\dimen292
\pgf@circ@res@right=\dimen293
\pgf@circ@res@other=\dimen294
\pgf@circ@res@step=\dimen295
\pgf@circ@res@temp=\dimen296
\pgf@circ@Rlen=\dimen297
\pgf@circ@scaled@Rlen=\dimen298
\pgfstartlinewidth=\dimen299
)
(/usr/share/texlive/texmf-dist/tex/generic/circuitikz/pgfcircutils.tex
\ctikz@scratchbox=\box75
)
(/usr/share/texlive/texmf-dist/tex/generic/circuitikz/pgfcircpath.tex)
(/usr/share/texlive/texmf-dist/tex/generic/circuitikz/pgfcircshapes.tex)
(/usr/share/texlive/texmf-dist/tex/generic/circuitikz/pgfcircmonopoles.tex)
(/usr/share/texlive/texmf-dist/tex/generic/circuitikz/pgfcircbipoles.tex)
(/usr/share/texlive/texmf-dist/tex/generic/circuitikz/pgfcirctripoles.tex
\pgf@circ@res@count=\count312
)
(/usr/share/texlive/texmf-dist/tex/generic/circuitikz/pgfcircquadpoles.tex)
(/usr/share/texlive/texmf-dist/tex/generic/circuitikz/pgfcircmultipoles.tex)
(/usr/share/texlive/texmf-dist/tex/generic/circuitikz/pgfcirclabel.tex)
(/usr/share/texlive/texmf-dist/tex/generic/circuitikz/pgfcircvoltage.tex
\pgfcirc@labelshift=\dimen300
)
(/usr/share/texlive/texmf-dist/tex/generic/circuitikz/pgfcirccurrent.tex)
(/usr/share/texlive/texmf-dist/tex/generic/circuitikz/pgfcircflow.tex))
(/usr/share/texlive/texmf-dist/tex/latex/pdfpages/pdfpages.sty
Package: pdfpages 2022/01/29 v0.5u Insert pages of external PDF documents (AM)

(/usr/share/texlive/texmf-dist/tex/latex/base/ifthen.sty
Package: ifthen 2020/11/24 v1.1c Standard LaTeX ifthen package (DPC)
)
(/usr/share/texlive/texmf-dist/tex/latex/tools/calc.sty
Package: calc 2017/05/25 v4.3 Infix arithmetic (KKT,FJ)
\calc@Acount=\count313
\calc@Bcount=\count314
\calc@Adimen=\dimen301
\calc@Bdimen=\dimen302
\calc@Askip=\skip54
\calc@Bskip=\skip55
LaTeX Info: Redefining \setlength on input line 80.
LaTeX Info: Redefining \addtolength on input line 81.
\calc@Ccount=\count315
\calc@Cskip=\skip56
)
(/usr/share/texlive/texmf-dist/tex/latex/eso-pic/eso-pic.sty
Package: eso-pic 2020/10/14 v3.0a eso-pic (RN)
\ESO@tempdima=\dimen303
\ESO@tempdimb=\dimen304
)
\AM@pagewidth=\dimen305
\AM@pageheight=\dimen306
\AM@fboxrule=\dimen307

(/usr/share/texlive/texmf-dist/tex/latex/pdfpages/pppdftex.def
File: pppdftex.def 2022/01/29 v0.5u Pdfpages driver for pdfTeX (AM)
)
\pdfpages@includegraphics@status=\count316
\AM@pagebox=\box76
\AM@global@opts=\toks39
\AM@pagecnt=\count317
\AM@toc@title=\toks40
\c@AM@survey=\count318
\AM@templatesizebox=\box77
)
(/usr/share/texlive/texmf-dist/tex/latex/booktabs/booktabs.sty
Package: booktabs 2020/01/12 v1.61803398 Publication quality tables
\heavyrulewidth=\dimen308
\lightrulewidth=\dimen309
\cmidrulewidth=\dimen310
\belowrulesep=\dimen311
\belowbottomsep=\dimen312
\aboverulesep=\dimen313
\abovetopsep=\dimen314
\cmidrulesep=\dimen315
\cmidrulekern=\dimen316
\defaultaddspace=\dimen317
\@cmidla=\count319
\@cmidlb=\count320
\@aboverulesep=\dimen318
\@belowrulesep=\dimen319
\@thisruleclass=\count321
\@lastruleclass=\count322
\@thisrulewidth=\dimen320
)
(/usr/share/texlive/texmf-dist/tex/latex/hyperref/hyperref.sty
Package: hyperref 2021-06-07 v7.00m Hypertext links for LaTeX

(/usr/share/texlive/texmf-dist/tex/generic/kvsetkeys/kvsetkeys.sty
Package: kvsetkeys 2019/12/15 v1.18 Key value parser (HO)
)
(/usr/share/texlive/texmf-dist/tex/generic/kvdefinekeys/kvdefinekeys.sty
Package: kvdefinekeys 2019-12-19 v1.6 Define keys (HO)
)
(/usr/share/texlive/texmf-dist/tex/generic/pdfescape/pdfescape.sty
Package: pdfescape 2019/12/09 v1.15 Implements pdfTeX's escape features (HO)
)
(/usr/share/texlive/texmf-dist/tex/latex/hycolor/hycolor.sty
Package: hycolor 2020-01-27 v1.10 Color options for hyperref/bookmark (HO)
)
(/usr/share/texlive/texmf-dist/tex/latex/letltxmacro/letltxmacro.sty
Package: letltxmacro 2019/12/03 v1.6 Let assignment for LaTeX macros (HO)
)
(/usr/share/texlive/texmf-dist/tex/latex/auxhook/auxhook.sty
Package: auxhook 2019-12-17 v1.6 Hooks for auxiliary files (HO)
)
(/usr/share/texlive/texmf-dist/tex/latex/kvoptions/kvoptions.sty
Package: kvoptions 2020-10-07 v3.14 Key value format for package options (HO)
)
\@linkdim=\dimen321
\Hy@linkcounter=\count323
\Hy@pagecounter=\count324

(/usr/share/texlive/texmf-dist/tex/latex/hyperref/pd1enc.def
File: pd1enc.def 2021-06-07 v7.00m Hyperref: PDFDocEncoding definition (HO)
Now handling font encoding PD1 ...
... no UTF-8 mapping file for font encoding PD1
)
(/usr/share/texlive/texmf-dist/tex/latex/hyperref/hyperref-langpatches.def
File: hyperref-langpatches.def 2021-06-07 v7.00m Hyperref: patches for babel la
nguages
)
(/usr/share/texlive/texmf-dist/tex/generic/intcalc/intcalc.sty
Package: intcalc 2019/12/15 v1.3 Expandable calculations with integers (HO)
)
(/usr/share/texlive/texmf-dist/tex/generic/etexcmds/etexcmds.sty
Package: etexcmds 2019/12/15 v1.7 Avoid name clashes with e-TeX commands (HO)
)
\Hy@SavedSpaceFactor=\count325

(/usr/share/texlive/texmf-dist/tex/latex/hyperref/puenc.def
File: puenc.def 2021-06-07 v7.00m Hyperref: PDF Unicode definition (HO)
Now handling font encoding PU ...
... no UTF-8 mapping file for font encoding PU
)
Package hyperref Info: Option `bookmarks' set `true' on input line 4073.
Package hyperref Info: Option `colorlinks' set `true' on input line 4073.
Package hyperref Info: Hyper figures OFF on input line 4192.
Package hyperref Info: Link nesting OFF on input line 4197.
Package hyperref Info: Hyper index ON on input line 4200.
Package hyperref Info: Plain pages OFF on input line 4207.
Package hyperref Info: Backreferencing OFF on input line 4212.
Package hyperref Info: Implicit mode ON; LaTeX internals redefined.
Package hyperref Info: Bookmarks ON on input line 4445.
\c@Hy@tempcnt=\count326

(/usr/share/texlive/texmf-dist/tex/latex/url/url.sty
\Urlmuskip=\muskip17
Package: url 2013/09/16  ver 3.4  Verb mode for urls, etc.
)
LaTeX Info: Redefining \url on input line 4804.
\XeTeXLinkMargin=\dimen322

(/usr/share/texlive/texmf-dist/tex/generic/bitset/bitset.sty
Package: bitset 2019/12/09 v1.3 Handle bit-vector datatype (HO)

(/usr/share/texlive/texmf-dist/tex/generic/bigintcalc/bigintcalc.sty
Package: bigintcalc 2019/12/15 v1.5 Expandable calculations on big integers (HO
)
))
\Fld@menulength=\count327
\Field@Width=\dimen323
\Fld@charsize=\dimen324
Package hyperref Info: Hyper figures OFF on input line 6076.
Package hyperref Info: Link nesting OFF on input line 6081.
Package hyperref Info: Hyper index ON on input line 6084.
Package hyperref Info: backreferencing OFF on input line 6091.
Package hyperref Info: Link coloring ON on input line 6094.
Package hyperref Info: Link coloring with OCG OFF on input line 6101.
Package hyperref Info: PDF/A mode OFF on input line 6106.
LaTeX Info: Redefining \ref on input line 6146.
LaTeX Info: Redefining \pageref on input line 6150.

(/usr/share/texlive/texmf-dist/tex/latex/base/atbegshi-ltx.sty
Package: atbegshi-ltx 2021/01/10 v1.0c Emulation of the original atbegshi
package with kernel methods
)
\Hy@abspage=\count328
\c@Item=\count329
\c@Hfootnote=\count330
)
Package hyperref Info: Driver (autodetected): hpdftex.

(/usr/share/texlive/texmf-dist/tex/latex/hyperref/hpdftex.def
File: hpdftex.def 2021-06-07 v7.00m Hyperref driver for pdfTeX

(/usr/share/texlive/texmf-dist/tex/latex/base/atveryend-ltx.sty
Package: atveryend-ltx 2020/08/19 v1.0a Emulation of the original atveryend pac
kage
with kernel methods
)
\Fld@listcount=\count331
\c@bookmark@seq@number=\count332

(/usr/share/texlive/texmf-dist/tex/latex/rerunfilecheck/rerunfilecheck.sty
Package: rerunfilecheck 2019/12/05 v1.9 Rerun checks for auxiliary files (HO)

(/usr/share/texlive/texmf-dist/tex/generic/uniquecounter/uniquecounter.sty
Package: uniquecounter 2019/12/15 v1.4 Provide unlimited unique counter (HO)
)
Package uniquecounter Info: New unique counter `rerunfilecheck' on input line 2
86.
)
\Hy@SectionHShift=\skip57
)
(/usr/share/texlive/texmf-dist/tex/latex/geometry/geometry.sty
Package: geometry 2020/01/02 v5.9 Page Geometry

(/usr/share/texlive/texmf-dist/tex/generic/iftex/ifvtex.sty
Package: ifvtex 2019/10/25 v1.7 ifvtex legacy package. Use iftex instead.
)
\Gm@cnth=\count333
\Gm@cntv=\count334
\c@Gm@tempcnt=\count335
\Gm@bindingoffset=\dimen325
\Gm@wd@mp=\dimen326
\Gm@odd@mp=\dimen327
\Gm@even@mp=\dimen328
\Gm@layoutwidth=\dimen329
\Gm@layoutheight=\dimen330
\Gm@layouthoffset=\dimen331
\Gm@layoutvoffset=\dimen332
\Gm@dimlist=\toks41
)
(/usr/share/texlive/texmf-dist/tex/latex/multirow/multirow.sty
Package: multirow 2021/03/15 v2.8 Span multiple rows of a table
\multirow@colwidth=\skip58
\multirow@cntb=\count336
\multirow@dima=\skip59
\bigstrutjot=\dimen333
)
(/usr/share/texlive/texmf-dist/tex/latex/float/float.sty
Package: float 2001/11/08 v1.3d Float enhancements (AL)
\c@float@type=\count337
\float@exts=\toks42
\float@box=\box78
\@float@everytoks=\toks43
\@floatcapt=\box79
)
(/usr/share/texlive/texmf-dist/tex/latex/tools/enumerate.sty
Package: enumerate 2015/07/23 v3.00 enumerate extensions (DPC)
\@enLab=\toks44
) (./main.aux
LaTeX Info: Redefining \. on input line 26.
LaTeX Info: Redefining \% on input line 26.


LaTeX Warning: Label `FigWW' multiply defined.

)
\openout1 = `main.aux'.

LaTeX Font Info:    Checking defaults for OML/cmm/m/it on input line 27.
LaTeX Font Info:    ... okay on input line 27.
LaTeX Font Info:    Checking defaults for OMS/cmsy/m/n on input line 27.
LaTeX Font Info:    ... okay on input line 27.
LaTeX Font Info:    Checking defaults for OT1/cmr/m/n on input line 27.
LaTeX Font Info:    ... okay on input line 27.
LaTeX Font Info:    Checking defaults for T1/cmr/m/n on input line 27.
LaTeX Font Info:    ... okay on input line 27.
LaTeX Font Info:    Checking defaults for TS1/cmr/m/n on input line 27.
LaTeX Font Info:    ... okay on input line 27.
LaTeX Font Info:    Checking defaults for OMX/cmex/m/n on input line 27.
LaTeX Font Info:    ... okay on input line 27.
LaTeX Font Info:    Checking defaults for U/cmr/m/n on input line 27.
LaTeX Font Info:    ... okay on input line 27.
LaTeX Font Info:    Checking defaults for PD1/pdf/m/n on input line 27.
LaTeX Font Info:    ... okay on input line 27.
LaTeX Font Info:    Checking defaults for PU/pdf/m/n on input line 27.
LaTeX Font Info:    ... okay on input line 27.
LaTeX Info: Redefining \. on input line 27.
LaTeX Info: Redefining \% on input line 27.

(/usr/share/texlive/texmf-dist/tex/latex/translations/translations-basic-dictio
nary-spanish.trsl
File: translations-basic-dictionary-spanish.trsl (spanish translation file `tra
nslations-basic-dictionary')
)
Package translations Info: loading dictionary `translations-basic-dictionary' f
or `spanish'. on input line 27.

(/usr/share/texlive/texmf-dist/tex/context/base/mkii/supp-pdf.mkii
[Loading MPS to PDF converter (version 2006.09.02).]
\scratchcounter=\count338
\scratchdimen=\dimen334
\scratchbox=\box80
\nofMPsegments=\count339
\nofMParguments=\count340
\everyMPshowfont=\toks45
\MPscratchCnt=\count341
\MPscratchDim=\dimen335
\MPnumerator=\count342
\makeMPintoPDFobject=\count343
\everyMPtoPDFconversion=\toks46
) (/usr/share/texlive/texmf-dist/tex/latex/epstopdf-pkg/epstopdf-base.sty
Package: epstopdf-base 2020-01-24 v2.11 Base part for package epstopdf
Package epstopdf-base Info: Redefining graphics rule for `.eps' on input line 4
85.

(/usr/share/texlive/texmf-dist/tex/latex/latexconfig/epstopdf-sys.cfg
File: epstopdf-sys.cfg 2010/07/13 v1.3 Configuration of (r)epstopdf for TeX Liv
e
))
(/usr/share/texlive/texmf-dist/tex/latex/pdflscape/pdflscape.sty
Package: pdflscape 2019/12/05 v0.12 Display of landscape pages in PDF (HO)

(/usr/share/texlive/texmf-dist/tex/latex/graphics/lscape.sty
Package: lscape 2020/05/28 v3.02 Landscape Pages (DPC)
)
Package pdflscape Info: Auto-detected driver: pdftex on input line 81.
)
Package hyperref Info: Link coloring ON on input line 27.

(/usr/share/texlive/texmf-dist/tex/latex/hyperref/nameref.sty
Package: nameref 2021-04-02 v2.47 Cross-referencing by name of section

(/usr/share/texlive/texmf-dist/tex/latex/refcount/refcount.sty
Package: refcount 2019/12/15 v3.6 Data extraction from label references (HO)
)
(/usr/share/texlive/texmf-dist/tex/generic/gettitlestring/gettitlestring.sty
Package: gettitlestring 2019/12/15 v1.6 Cleanup title references (HO)
)
\c@section@level=\count344
)
LaTeX Info: Redefining \ref on input line 27.
LaTeX Info: Redefining \pageref on input line 27.
LaTeX Info: Redefining \nameref on input line 27.

(./main.out) (./main.out)
\@outlinefile=\write4
\openout4 = `main.out'.


*geometry* driver: auto-detecting
*geometry* detected driver: pdftex
*geometry* verbose mode - [ preamble ] result:
* driver: pdftex
* paper: a4paper
* layout: <same size as paper>
* layoutoffset:(h,v)=(0.0pt,0.0pt)
* modes: 
* h-part:(L,W,R)=(56.9055pt, 483.69687pt, 56.9055pt)
* v-part:(T,H,B)=(56.9055pt, 731.23584pt, 56.9055pt)
* \paperwidth=597.50787pt
* \paperheight=845.04684pt
* \textwidth=483.69687pt
* \textheight=731.23584pt
* \oddsidemargin=-15.36449pt
* \evensidemargin=-15.36449pt
* \topmargin=-52.36449pt
* \headheight=12.0pt
* \headsep=25.0pt
* \topskip=12.0pt
* \footskip=30.0pt
* \marginparwidth=35.0pt
* \marginparsep=10.0pt
* \columnsep=10.0pt
* \skip\footins=10.8pt plus 4.0pt minus 2.0pt
* \hoffset=0.0pt
* \voffset=0.0pt
* \mag=1000
* \@twocolumnfalse
* \@twosidefalse
* \@mparswitchfalse
* \@reversemarginfalse
* (1in=72.27pt=25.4mm, 1cm=28.453pt)


! LaTeX Error: There's no line here to end.

See the LaTeX manual or LaTeX Companion for explanation.
Type  H <return>  for immediate help.
 ...                                              
                                                  
l.30 \thispagestyle
                   {empty}%%no numerar la portada
Your command was ignored.
Type  I <command> <return>  to replace it with another command,
or  <return>  to continue without it.

LaTeX Font Info:    Trying to load font information for U+msa on input line 30.

(/usr/share/texlive/texmf-dist/tex/latex/amsfonts/umsa.fd
File: umsa.fd 2013/01/14 v3.01 AMS symbols A
)
LaTeX Font Info:    Trying to load font information for U+msb on input line 30.


(/usr/share/texlive/texmf-dist/tex/latex/amsfonts/umsb.fd
File: umsb.fd 2013/01/14 v3.01 AMS symbols B
) [1

{/var/lib/texmf/fonts/map/pdftex/updmap/pdftex.map}] (./main.toc
LaTeX Info: Redefining \. on input line 1.
LaTeX Info: Redefining \% on input line 1.
)
\tf@toc=\write5
\openout5 = `main.toc'.

 [2] (./main.lof
LaTeX Info: Redefining \. on input line 1.
LaTeX Info: Redefining \% on input line 1.


LaTeX Warning: Citation `web3' on page \es@scroman {iii} undefined on input lin
e 12.


LaTeX Warning: Citation `web3' on page \es@scroman {iii} undefined on input lin
e 13.


LaTeX Warning: Citation `web3' on page \es@scroman {iii} undefined on input lin
e 14.

)
\tf@lof=\write6
\openout6 = `main.lof'.

 [3] (./main.lot
LaTeX Info: Redefining \. on input line 1.
LaTeX Info: Redefining \% on input line 1.
)
\tf@lot=\write7
\openout7 = `main.lot'.

 [4] [1] (./2_Nota_te_rica.tex
<Imagenes/1.png, id=144, 537.00626pt x 276.03125pt>
File: Imagenes/1.png Graphic file (type png)
<use Imagenes/1.png>
Package pdftex.def Info: Imagenes/1.png  used on input line 8.
(pdftex.def)             Requested size: 386.95897pt x 198.90239pt.
 [2pdfTeX warning (ext4): destination with the same identifier (name{figure.1})
 has been already used, duplicate ignored
<argument> ...shipout:D \box_use:N \l_shipout_box 
                                                  \__shipout_drop_firstpage_...
l.22 \item P
            A0-\texttt{XTAL1/CLKI/PCINT8}. \texttt{XTAL1}: oscilador de relo...
 <./Imagenes/1.png>] [3]
<Imagenes/2.png, id=177, 476.78125pt x 620.3175pt>
File: Imagenes/2.png Graphic file (type png)
<use Imagenes/2.png>
Package pdftex.def Info: Imagenes/2.png  used on input line 43.
(pdftex.def)             Requested size: 338.58632pt x 440.5421pt.
<Imagenes/3.png, id=179, 363.3575pt x 219.82124pt>
File: Imagenes/3.png Graphic file (type png)
<use Imagenes/3.png>
Package pdftex.def Info: Imagenes/3.png  used on input line 50.
(pdftex.def)             Requested size: 241.84843pt x 146.31345pt.
 [4pdfTeX warning (ext4): destination with the same identifier (name{figure.2})
 has been already used, duplicate ignored
<argument> ...shipout:D \box_use:N \l_shipout_box 
                                                  \__shipout_drop_firstpage_...
l.53 \end{figure}
                  <./Imagenes/2.png>]
<Imagenes/DirectionD.png, id=189, 1084.05pt x 147.55125pt>
File: Imagenes/DirectionD.png Graphic file (type png)
<use Imagenes/DirectionD.png>
Package pdftex.def Info: Imagenes/DirectionD.png  used on input line 61.
(pdftex.def)             Requested size: 435.32422pt x 59.25134pt.
<Imagenes/DataD.png, id=192, 1080.035pt x 155.58125pt>
File: Imagenes/DataD.png Graphic file (type png)
<use Imagenes/DataD.png>
Package pdftex.def Info: Imagenes/DataD.png  used on input line 69.
(pdftex.def)             Requested size: 435.32422pt x 62.70856pt.
<Imagenes/GIMSK.png, id=194, 1086.0575pt x 138.5175pt>
File: Imagenes/GIMSK.png Graphic file (type png)
<use Imagenes/GIMSK.png>
Package pdftex.def Info: Imagenes/GIMSK.png  used on input line 77.
(pdftex.def)             Requested size: 435.32422pt x 55.52226pt.
<Imagenes/PCMSK.png, id=196, 1092.08pt x 151.56625pt>
File: Imagenes/PCMSK.png Graphic file (type png)
<use Imagenes/PCMSK.png>
Package pdftex.def Info: Imagenes/PCMSK.png  used on input line 85.
(pdftex.def)             Requested size: 435.32422pt x 60.41727pt.
 [5pdfTeX warning (ext4): destination with the same identifier (name{figure.3})
 has been already used, duplicate ignored
<argument> ...shipout:D \box_use:N \l_shipout_box 
                                                  \__shipout_drop_firstpage_...
l.88     \end{figure}
                     pdfTeX warning (ext4): destination with the same identifie
r (name{figure.4}) has been already used, duplicate ignored
<argument> ...shipout:D \box_use:N \l_shipout_box 
                                                  \__shipout_drop_firstpage_...
l.88     \end{figure}
                     pdfTeX warning (ext4): destination with the same identifie
r (name{figure.5}) has been already used, duplicate ignored
<argument> ...shipout:D \box_use:N \l_shipout_box 
                                                  \__shipout_drop_firstpage_...
l.88     \end{figure}
                     pdfTeX warning (ext4): destination with the same identifie
r (name{figure.6}) has been already used, duplicate ignored
<argument> ...shipout:D \box_use:N \l_shipout_box 
                                                  \__shipout_drop_firstpage_...
l.88     \end{figure}
                      <./Imagenes/3.png> <./Imagenes/DirectionD.png> <./Imagene
s/DataD.png> <./Imagenes/GIMSK.png>]
<Imagenes/TCCR0A.png, id=206, 1029.8475pt x 151.56625pt>
File: Imagenes/TCCR0A.png Graphic file (type png)
<use Imagenes/TCCR0A.png>
Package pdftex.def Info: Imagenes/TCCR0A.png  used on input line 93.
(pdftex.def)             Requested size: 435.32422pt x 64.06673pt.
<Imagenes/OCR0A.png, id=208, 1010.77625pt x 142.5325pt>
File: Imagenes/OCR0A.png Graphic file (type png)
<use Imagenes/OCR0A.png>
Package pdftex.def Info: Imagenes/OCR0A.png  used on input line 101.
(pdftex.def)             Requested size: 435.32422pt x 61.38564pt.
<Imagenes/4.png, id=211, 551.05875pt x 374.39874pt>
File: Imagenes/4.png Graphic file (type png)
<use Imagenes/4.png>
Package pdftex.def Info: Imagenes/4.png  used on input line 113.
(pdftex.def)             Requested size: 241.84843pt x 164.31891pt.
 [6pdfTeX warning (ext4): destination with the same identifier (name{figure.7})
 has been already used, duplicate ignored
<argument> ...shipout:D \box_use:N \l_shipout_box 
                                                  \__shipout_drop_firstpage_...
l.117 \subsubsection
                    *{Switches}pdfTeX warning (ext4): destination with the same
 identifier (name{figure.8}) has been already used, duplicate ignored
<argument> ...shipout:D \box_use:N \l_shipout_box 
                                                  \__shipout_drop_firstpage_...
l.117 \subsubsection
                    *{Switches}pdfTeX warning (ext4): destination with the same
 identifier (name{figure.9}) has been already used, duplicate ignored
<argument> ...shipout:D \box_use:N \l_shipout_box 
                                                  \__shipout_drop_firstpage_...
l.117 \subsubsection
                    *{Switches} <./Imagenes/PCMSK.png> <./Imagenes/TCCR0A.png> 
<./Imagenes/OCR0A.png>]
<Imagenes/switch.jpeg, id=223, 1104.125pt x 1104.125pt>
File: Imagenes/switch.jpeg Graphic file (type jpg)
<use Imagenes/switch.jpeg>
Package pdftex.def Info: Imagenes/switch.jpeg  used on input line 121.
(pdftex.def)             Requested size: 145.11053pt x 145.10811pt.


LaTeX Warning: Citation `web3' on page 7 undefined on input line 122.

<Imagenes/LED.jpg, id=224, 118.4425pt x 118.4425pt>
File: Imagenes/LED.jpg Graphic file (type jpg)
<use Imagenes/LED.jpg>
Package pdftex.def Info: Imagenes/LED.jpg  used on input line 130.
(pdftex.def)             Requested size: 145.11053pt x 145.1159pt.

LaTeX Warning: Citation `web3' on page 7 undefined on input line 131.


LaTeX Warning: Citation `web3' on page 7 undefined on input line 136.

<Imagenes/demux.jpg, id=225, 200.75pt x 177.66376pt>
File: Imagenes/demux.jpg Graphic file (type jpg)
<use Imagenes/demux.jpg>
Package pdftex.def Info: Imagenes/demux.jpg  used on input line 139.
(pdftex.def)             Requested size: 145.11053pt x 128.43016pt.

LaTeX Warning: Citation `web3' on page 7 undefined on input line 140.

[7pdfTeX warning (ext4): destination with the same identifier (name{figure.10})
 has been already used, duplicate ignored
<argument> ...shipout:D \box_use:N \l_shipout_box 
                                                  \__shipout_drop_firstpage_...
l.142     \end{figure}
                      pdfTeX warning (ext4): destination with the same identifi
er (name{figure.11}) has been already used, duplicate ignored
<argument> ...shipout:D \box_use:N \l_shipout_box 
                                                  \__shipout_drop_firstpage_...
l.142     \end{figure}
                      pdfTeX warning (ext4): destination with the same identifi
er (name{figure.12}) has been already used, duplicate ignored
<argument> ...shipout:D \box_use:N \l_shipout_box 
                                                  \__shipout_drop_firstpage_...
l.142     \end{figure}
                       <./Imagenes/4.png> <./Imagenes/switch.jpeg> <./Imagenes/
LED.jpg>] (./sch1.tex) [8pdfTeX warning (ext4): destination with the same ident
ifier (name{figure.13}) has been already used, duplicate ignored
<argument> ...shipout:D \box_use:N \l_shipout_box 
                                                  \__shipout_drop_firstpage_...
l.173 D
       el esquemático \ref{FigWW}, es claro notar que el circuito general s...
pdfTeX warning (ext4): destination with the same identifier (name{table.1}) has
 been already used, duplicate ignored
<argument> ...shipout:D \box_use:N \l_shipout_box 
                                                  \__shipout_drop_firstpage_...
l.173 D
       el esquemático \ref{FigWW}, es claro notar que el circuito general s...
 <./Imagenes/demux.jpg>]
<Imagenes/5.1.png, id=244, 652.4375pt x 324.21124pt>
File: Imagenes/5.1.png Graphic file (type png)
<use Imagenes/5.1.png>
Package pdftex.def Info: Imagenes/5.1.png  used on input line 176.
(pdftex.def)             Requested size: 338.58632pt x 168.25441pt.
<Imagenes/6.png, id=245, 789.95125pt x 558.085pt>
File: Imagenes/6.png Graphic file (type png)
<use Imagenes/6.png>
Package pdftex.def Info: Imagenes/6.png  used on input line 190.
(pdftex.def)             Requested size: 162.51997pt x 114.81691pt.
<Imagenes/7.png, id=246, 313.17pt x 508.90125pt>
File: Imagenes/7.png Graphic file (type png)
<use Imagenes/7.png>
Package pdftex.def Info: Imagenes/7.png  used on input line 195.
(pdftex.def)             Requested size: 162.51997pt x 264.10214pt.
 [9pdfTeX warning (ext4): destination with the same identifier (name{figure.14}
) has been already used, duplicate ignored
<argument> ...shipout:D \box_use:N \l_shipout_box 
                                                  \__shipout_drop_firstpage_...
l.199 P
       rimero se presiona el botón, donde es claro notar el flujo de corrie...
pdfTeX warning (ext4): destination with the same identifier (name{figure.15}) h
as been already used, duplicate ignored
<argument> ...shipout:D \box_use:N \l_shipout_box 
                                                  \__shipout_drop_firstpage_...
l.199 P
       rimero se presiona el botón, donde es claro notar el flujo de corrie...
 <./Imagenes/5.1.png>]
<Imagenes/8.png, id=256, 492.84125pt x 629.35126pt>
File: Imagenes/8.png Graphic file (type png)
<use Imagenes/8.png>
Package pdftex.def Info: Imagenes/8.png  used on input line 203.
(pdftex.def)             Requested size: 338.58632pt x 432.38983pt.
 [10pdfTeX warning (ext4): destination with the same identifier (name{figure.16
}) has been already used, duplicate ignored
<argument> ...shipout:D \box_use:N \l_shipout_box 
                                                  \__shipout_drop_firstpage_...
l.207 L
       o primero a resaltar es que la corriente eléctrica que le está lleg...
pdfTeX warning (ext4): destination with the same identifier (name{figure.17}) h
as been already used, duplicate ignored
<argument> ...shipout:D \box_use:N \l_shipout_box 
                                                  \__shipout_drop_firstpage_...
l.207 L
       o primero a resaltar es que la corriente eléctrica que le está lleg...
 <./Imagenes/6.png> <./Imagenes/7.png>]
<Imagenes/9.png, id=263, 458.71375pt x 477.785pt>
File: Imagenes/9.png Graphic file (type png)
<use Imagenes/9.png>
Package pdftex.def Info: Imagenes/9.png  used on input line 211.
(pdftex.def)             Requested size: 338.58632pt x 352.68051pt.
 [11pdfTeX warning (ext4): destination with the same identifier (name{figure.18
}) has been already used, duplicate ignored
<argument> ...shipout:D \box_use:N \l_shipout_box 
                                                  \__shipout_drop_firstpage_...
l.215 H
       echo lo anterior, es posible ya mostrar el diseño completo del circu...
 <./Imagenes/8.png>]
<Imagenes/10.png, id=268, 970.62625pt x 585.18625pt>
File: Imagenes/10.png Graphic file (type png)
<use Imagenes/10.png>
Package pdftex.def Info: Imagenes/10.png  used on input line 218.
(pdftex.def)             Requested size: 338.58632pt x 204.1307pt.
 [12pdfTeX warning (ext4): destination with the same identifier (name{figure.19
}) has been already used, duplicate ignored
<argument> ...shipout:D \box_use:N \l_shipout_box 
                                                  \__shipout_drop_firstpage_...
l.224 \newpage
              pdfTeX warning (ext4): destination with the same identifier (name
{figure.20}) has been already used, duplicate ignored
<argument> ...shipout:D \box_use:N \l_shipout_box 
                                                  \__shipout_drop_firstpage_...
l.224 \newpage
               <./Imagenes/9.png> <./Imagenes/10.png>] [13])
(./Desarrollo_Analisis.tex (./sch2.tex) (./sch3.tex [14pdfTeX warning (ext4): d
estination with the same identifier (name{figure.21}) has been already used, du
plicate ignored
<argument> ...shipout:D \box_use:N \l_shipout_box 
                                                  \__shipout_drop_firstpage_...
l.245 \end{figure}
                  ]) (./sch3.1.tex) [15pdfTeX warning (ext4): destination with 
the same identifier (name{figure.22}) has been already used, duplicate ignored
<argument> ...shipout:D \box_use:N \l_shipout_box 
                                                  \__shipout_drop_firstpage_...
l.8 E
     sta máquina de estados se encarga de administrar los tiempos para cada...
] (./sch4.tex) [16pdfTeX warning (ext4): destination with the same identifier (
name{figure.23}) has been already used, duplicate ignored
<argument> ...shipout:D \box_use:N \l_shipout_box 
                                                  \__shipout_drop_firstpage_...
l.10 d
      e donde primero se define la varible como la resta de esta misma varia...
]
<Imagenes/11.png, id=292, 1127.21124pt x 637.38126pt>
File: Imagenes/11.png Graphic file (type png)
<use Imagenes/11.png>
Package pdftex.def Info: Imagenes/11.png  used on input line 16.
(pdftex.def)             Requested size: 162.51997pt x 91.88786pt.
<Imagenes/12.png, id=293, 1120.185pt x 572.1375pt>
File: Imagenes/12.png Graphic file (type png)
<use Imagenes/12.png>
Package pdftex.def Info: Imagenes/12.png  used on input line 21.
(pdftex.def)             Requested size: 162.51997pt x 83.00581pt.
 [17pdfTeX warning (ext4): destination with the same identifier (name{figure.24
}) has been already used, duplicate ignored
<argument> ...shipout:D \box_use:N \l_shipout_box 
                                                  \__shipout_drop_firstpage_...
l.25 ...n seguros y no tendrán ningún daño.\par
                                                  pdfTeX warning (ext4): destin
ation with the same identifier (name{figure.25}) has been already used, duplica
te ignored
<argument> ...shipout:D \box_use:N \l_shipout_box 
                                                  \__shipout_drop_firstpage_...
l.25 ...n seguros y no tendrán ningún daño.\par
                                                  pdfTeX warning (ext4): destin
ation with the same identifier (name{figure.26}) has been already used, duplica
te ignored
<argument> ...shipout:D \box_use:N \l_shipout_box 
                                                  \__shipout_drop_firstpage_...
l.25 ...n seguros y no tendrán ningún daño.\par
                                                   <./Imagenes/11.png> <./Image
nes/12.png>]
<Imagenes/14.png, id=300, 1150.2975pt x 578.16pt>
File: Imagenes/14.png Graphic file (type png)
<use Imagenes/14.png>
Package pdftex.def Info: Imagenes/14.png  used on input line 30.
(pdftex.def)             Requested size: 338.58632pt x 170.17638pt.
<Imagenes/14.1.png, id=301, 1099.10625pt x 568.1225pt>
File: Imagenes/14.1.png Graphic file (type png)
<use Imagenes/14.1.png>
Package pdftex.def Info: Imagenes/14.1.png  used on input line 37.
(pdftex.def)             Requested size: 338.58632pt x 175.00653pt.
<Imagenes/15.png, id=302, 1129.21875pt x 577.15625pt>
File: Imagenes/15.png Graphic file (type png)
<use Imagenes/15.png>
Package pdftex.def Info: Imagenes/15.png  used on input line 44.
(pdftex.def)             Requested size: 338.58632pt x 173.05133pt.
 [18pdfTeX warning (ext4): destination with the same identifier (name{figure.27
}) has been already used, duplicate ignored
<argument> ...shipout:D \box_use:N \l_shipout_box 
                                                  \__shipout_drop_firstpage_...
l.48 P
      or último, el manejo de la rutina por medio de \texttt{ISR(TIMER1\_CO...
pdfTeX warning (ext4): destination with the same identifier (name{figure.28}) h
as been already used, duplicate ignored
<argument> ...shipout:D \box_use:N \l_shipout_box 
                                                  \__shipout_drop_firstpage_...
l.48 P
      or último, el manejo de la rutina por medio de \texttt{ISR(TIMER1\_CO...
 <./Imagenes/14.png> <./Imagenes/14.1.png>]
<Imagenes/16.png, id=308, 1127.21124pt x 571.13374pt>
File: Imagenes/16.png Graphic file (type png)
<use Imagenes/16.png>
Package pdftex.def Info: Imagenes/16.png  used on input line 51.
(pdftex.def)             Requested size: 338.58632pt x 171.5506pt.

Overfull \hbox (48.39621pt too wide) in paragraph at lines 48--54
[]\OT1/cmr/m/n/12 Por ^^Sulti-mo, el ma-ne-jo de la ru-ti-na por me-dio de \OT1
/cmtt/m/n/12 ISR(TIMER1[]COMPA[]vect) \OT1/cmr/m/n/12 y \OT1/cmtt/m/n/12 ISR(TI
MER0[]COMPA[]vect)
 []

<Imagenes/17.png, id=309, 1119.18124pt x 566.115pt>
File: Imagenes/17.png Graphic file (type png)
<use Imagenes/17.png>
Package pdftex.def Info: Imagenes/17.png  used on input line 60.
(pdftex.def)             Requested size: 338.58632pt x 171.26974pt.
[19pdfTeX warning (ext4): destination with the same identifier (name{figure.29}
) has been already used, duplicate ignored
<argument> ...shipout:D \box_use:N \l_shipout_box 
                                                  \__shipout_drop_firstpage_...
l.64 \item E
            stado lavar:pdfTeX warning (ext4): destination with the same identi
fier (name{figure.30}) has been already used, duplicate ignored
<argument> ...shipout:D \box_use:N \l_shipout_box 
                                                  \__shipout_drop_firstpage_...
l.64 \item E
            stado lavar: <./Imagenes/15.png> <./Imagenes/16.png>]
<Imagenes/18.png, id=316, 1125.20375pt x 556.0775pt>
File: Imagenes/18.png Graphic file (type png)
<use Imagenes/18.png>
Package pdftex.def Info: Imagenes/18.png  used on input line 67.
(pdftex.def)             Requested size: 338.58632pt x 167.32515pt.
<Imagenes/19.png, id=317, 1134.2375pt x 559.08875pt>
File: Imagenes/19.png Graphic file (type png)
<use Imagenes/19.png>
Package pdftex.def Info: Imagenes/19.png  used on input line 74.
(pdftex.def)             Requested size: 338.58632pt x 166.89188pt.
<Imagenes/20.png, id=318, 1166.3575pt x 556.0775pt>
File: Imagenes/20.png Graphic file (type png)
<use Imagenes/20.png>
Package pdftex.def Info: Imagenes/20.png  used on input line 81.
(pdftex.def)             Requested size: 338.58632pt x 161.41956pt.
 [20pdfTeX warning (ext4): destination with the same identifier (name{figure.31
}) has been already used, duplicate ignored
<argument> ...shipout:D \box_use:N \l_shipout_box 
                                                  \__shipout_drop_firstpage_...
l.85 \end{itemize}
                  pdfTeX warning (ext4): destination with the same identifier (
name{figure.32}) has been already used, duplicate ignored
<argument> ...shipout:D \box_use:N \l_shipout_box 
                                                  \__shipout_drop_firstpage_...
l.85 \end{itemize}
                  pdfTeX warning (ext4): destination with the same identifier (
name{figure.33}) has been already used, duplicate ignored
<argument> ...shipout:D \box_use:N \l_shipout_box 
                                                  \__shipout_drop_firstpage_...
l.85 \end{itemize}
                   <./Imagenes/17.png> <./Imagenes/18.png> <./Imagenes/19.png>]
) (./Conclusiones_recomendaciones.tex [21pdfTeX warning (ext4): destination wit
h the same identifier (name{figure.34}) has been already used, duplicate ignore
d
<argument> ...shipout:D \box_use:N \l_shipout_box 
                                                  \__shipout_drop_firstpage_...
l.7 \item R
           evisar las configuraciones de las interrupciones, porque es posib...
 <./Imagenes/20.png>]) [22] (./6_Bibliografia.tex (./main.bbl
Underfull \hbox (badness 3439) in paragraph at lines 4--10
[]\OT1/cmr/m/n/12 Atmel.  Fea-tu-res at-tiny2313a/attiny4313.  At-mel, [][]$\OT
1/cmtt/m/n/12 https : / / ww1 . microchip . com /
 []

) [23]) (./Apendices.tex

pdfTeX warning: /usr/bin/pdflatex (file ./Documentos/ATtiny2313.pdf): PDF inclu
sion: found PDF version <1.6>, but at most version <1.5> allowed
<./Documentos/ATtiny2313.pdf, id=347, 614.295pt x 794.97pt>
File: ./Documentos/ATtiny2313.pdf Graphic file (type pdf)
<use ./Documentos/ATtiny2313.pdf>
Package pdftex.def Info: ./Documentos/ATtiny2313.pdf  used on input line 5.
(pdftex.def)             Requested size: 614.29349pt x 794.96806pt.


pdfTeX warning: /usr/bin/pdflatex (file ./Documentos/ATtiny2313.pdf): PDF inclu
sion: found PDF version <1.6>, but at most version <1.5> allowed
File: ./Documentos/ATtiny2313.pdf Graphic file (type pdf)
<use ./Documentos/ATtiny2313.pdf>
Package pdftex.def Info: ./Documentos/ATtiny2313.pdf  used on input line 5.
(pdftex.def)             Requested size: 614.29349pt x 794.96806pt.


pdfTeX warning: /usr/bin/pdflatex (file ./Documentos/ATtiny2313.pdf): PDF inclu
sion: found PDF version <1.6>, but at most version <1.5> allowed


pdfTeX warning: /usr/bin/pdflatex (file ./Documentos/ATtiny2313.pdf): PDF inclu
sion: found PDF version <1.6>, but at most version <1.5> allowed
<./Documentos/ATtiny2313.pdf, id=350, page=1, 614.295pt x 794.97pt>
File: ./Documentos/ATtiny2313.pdf Graphic file (type pdf)
<use ./Documentos/ATtiny2313.pdf, page 1>
Package pdftex.def Info: ./Documentos/ATtiny2313.pdf , page1 used on input line
 5.
(pdftex.def)             Requested size: 614.29349pt x 794.96806pt.
File: ./Documentos/ATtiny2313.pdf Graphic file (type pdf)
<use ./Documentos/ATtiny2313.pdf, page 1>
Package pdftex.def Info: ./Documentos/ATtiny2313.pdf , page1 used on input line
 5.
(pdftex.def)             Requested size: 597.78697pt x 773.60669pt.
[24]
File: ./Documentos/ATtiny2313.pdf Graphic file (type pdf)
<use ./Documentos/ATtiny2313.pdf, page 1>
Package pdftex.def Info: ./Documentos/ATtiny2313.pdf , page1 used on input line
 5.
(pdftex.def)             Requested size: 597.78697pt x 773.60669pt.
File: ./Documentos/ATtiny2313.pdf Graphic file (type pdf)
<use ./Documentos/ATtiny2313.pdf, page 1>
Package pdftex.def Info: ./Documentos/ATtiny2313.pdf , page1 used on input line
 5.
(pdftex.def)             Requested size: 597.78697pt x 773.60669pt.
File: ./Documentos/ATtiny2313.pdf Graphic file (type pdf)
<use ./Documentos/ATtiny2313.pdf, page 1>
Package pdftex.def Info: ./Documentos/ATtiny2313.pdf , page1 used on input line
 5.
(pdftex.def)             Requested size: 597.78697pt x 773.60669pt.
 [25 <./Documentos/ATtiny2313.pdf>]
File: ./Documentos/ATtiny2313.pdf Graphic file (type pdf)
<use ./Documentos/ATtiny2313.pdf>
Package pdftex.def Info: ./Documentos/ATtiny2313.pdf  used on input line 5.
(pdftex.def)             Requested size: 614.29349pt x 794.96806pt.


pdfTeX warning: /usr/bin/pdflatex (file ./Documentos/ATtiny2313.pdf): PDF inclu
sion: found PDF version <1.6>, but at most version <1.5> allowed
File: ./Documentos/ATtiny2313.pdf Graphic file (type pdf)
<use ./Documentos/ATtiny2313.pdf>
Package pdftex.def Info: ./Documentos/ATtiny2313.pdf  used on input line 5.
(pdftex.def)             Requested size: 614.29349pt x 794.96806pt.


pdfTeX warning: /usr/bin/pdflatex (file ./Documentos/ATtiny2313.pdf): PDF inclu
sion: found PDF version <1.6>, but at most version <1.5> allowed


pdfTeX warning: /usr/bin/pdflatex (file ./Documentos/ATtiny2313.pdf): PDF inclu
sion: found PDF version <1.6>, but at most version <1.5> allowed
<./Documentos/ATtiny2313.pdf, id=387, page=2, 614.295pt x 794.97pt>
File: ./Documentos/ATtiny2313.pdf Graphic file (type pdf)
<use ./Documentos/ATtiny2313.pdf, page 2>
Package pdftex.def Info: ./Documentos/ATtiny2313.pdf , page2 used on input line
 5.
(pdftex.def)             Requested size: 614.29349pt x 794.96806pt.
File: ./Documentos/ATtiny2313.pdf Graphic file (type pdf)
<use ./Documentos/ATtiny2313.pdf, page 2>
Package pdftex.def Info: ./Documentos/ATtiny2313.pdf , page2 used on input line
 5.
(pdftex.def)             Requested size: 597.78697pt x 773.60669pt.
File: ./Documentos/ATtiny2313.pdf Graphic file (type pdf)
<use ./Documentos/ATtiny2313.pdf, page 2>
Package pdftex.def Info: ./Documentos/ATtiny2313.pdf , page2 used on input line
 5.
(pdftex.def)             Requested size: 597.78697pt x 773.60669pt.
File: ./Documentos/ATtiny2313.pdf Graphic file (type pdf)
<use ./Documentos/ATtiny2313.pdf, page 2>
Package pdftex.def Info: ./Documentos/ATtiny2313.pdf , page2 used on input line
 5.
(pdftex.def)             Requested size: 597.78697pt x 773.60669pt.
File: ./Documentos/ATtiny2313.pdf Graphic file (type pdf)
<use ./Documentos/ATtiny2313.pdf, page 2>
Package pdftex.def Info: ./Documentos/ATtiny2313.pdf , page2 used on input line
 5.
(pdftex.def)             Requested size: 597.78697pt x 773.60669pt.
[26 <./Documentos/ATtiny2313.pdf>]
File: ./Documentos/ATtiny2313.pdf Graphic file (type pdf)
<use ./Documentos/ATtiny2313.pdf>
Package pdftex.def Info: ./Documentos/ATtiny2313.pdf  used on input line 5.
(pdftex.def)             Requested size: 614.29349pt x 794.96806pt.


pdfTeX warning: /usr/bin/pdflatex (file ./Documentos/ATtiny2313.pdf): PDF inclu
sion: found PDF version <1.6>, but at most version <1.5> allowed
File: ./Documentos/ATtiny2313.pdf Graphic file (type pdf)
<use ./Documentos/ATtiny2313.pdf>
Package pdftex.def Info: ./Documentos/ATtiny2313.pdf  used on input line 5.
(pdftex.def)             Requested size: 614.29349pt x 794.96806pt.


pdfTeX warning: /usr/bin/pdflatex (file ./Documentos/ATtiny2313.pdf): PDF inclu
sion: found PDF version <1.6>, but at most version <1.5> allowed


pdfTeX warning: /usr/bin/pdflatex (file ./Documentos/ATtiny2313.pdf): PDF inclu
sion: found PDF version <1.6>, but at most version <1.5> allowed
<./Documentos/ATtiny2313.pdf, id=406, page=3, 614.295pt x 794.97pt>
File: ./Documentos/ATtiny2313.pdf Graphic file (type pdf)
<use ./Documentos/ATtiny2313.pdf, page 3>
Package pdftex.def Info: ./Documentos/ATtiny2313.pdf , page3 used on input line
 5.
(pdftex.def)             Requested size: 614.29349pt x 794.96806pt.
File: ./Documentos/ATtiny2313.pdf Graphic file (type pdf)
<use ./Documentos/ATtiny2313.pdf, page 3>
Package pdftex.def Info: ./Documentos/ATtiny2313.pdf , page3 used on input line
 5.
(pdftex.def)             Requested size: 597.78697pt x 773.60669pt.
File: ./Documentos/ATtiny2313.pdf Graphic file (type pdf)
<use ./Documentos/ATtiny2313.pdf, page 3>
Package pdftex.def Info: ./Documentos/ATtiny2313.pdf , page3 used on input line
 5.
(pdftex.def)             Requested size: 597.78697pt x 773.60669pt.
File: ./Documentos/ATtiny2313.pdf Graphic file (type pdf)
<use ./Documentos/ATtiny2313.pdf, page 3>
Package pdftex.def Info: ./Documentos/ATtiny2313.pdf , page3 used on input line
 5.
(pdftex.def)             Requested size: 597.78697pt x 773.60669pt.
File: ./Documentos/ATtiny2313.pdf Graphic file (type pdf)
<use ./Documentos/ATtiny2313.pdf, page 3>
Package pdftex.def Info: ./Documentos/ATtiny2313.pdf , page3 used on input line
 5.
(pdftex.def)             Requested size: 597.78697pt x 773.60669pt.
[27 <./Documentos/ATtiny2313.pdf>]
File: ./Documentos/ATtiny2313.pdf Graphic file (type pdf)
<use ./Documentos/ATtiny2313.pdf>
Package pdftex.def Info: ./Documentos/ATtiny2313.pdf  used on input line 5.
(pdftex.def)             Requested size: 614.29349pt x 794.96806pt.


pdfTeX warning: /usr/bin/pdflatex (file ./Documentos/ATtiny2313.pdf): PDF inclu
sion: found PDF version <1.6>, but at most version <1.5> allowed
File: ./Documentos/ATtiny2313.pdf Graphic file (type pdf)
<use ./Documentos/ATtiny2313.pdf>
Package pdftex.def Info: ./Documentos/ATtiny2313.pdf  used on input line 5.
(pdftex.def)             Requested size: 614.29349pt x 794.96806pt.


pdfTeX warning: /usr/bin/pdflatex (file ./Documentos/ATtiny2313.pdf): PDF inclu
sion: found PDF version <1.6>, but at most version <1.5> allowed


pdfTeX warning: /usr/bin/pdflatex (file ./Documentos/ATtiny2313.pdf): PDF inclu
sion: found PDF version <1.6>, but at most version <1.5> allowed
<./Documentos/ATtiny2313.pdf, id=418, page=4, 614.295pt x 794.97pt>
File: ./Documentos/ATtiny2313.pdf Graphic file (type pdf)
<use ./Documentos/ATtiny2313.pdf, page 4>
Package pdftex.def Info: ./Documentos/ATtiny2313.pdf , page4 used on input line
 5.
(pdftex.def)             Requested size: 614.29349pt x 794.96806pt.
File: ./Documentos/ATtiny2313.pdf Graphic file (type pdf)
<use ./Documentos/ATtiny2313.pdf, page 4>
Package pdftex.def Info: ./Documentos/ATtiny2313.pdf , page4 used on input line
 5.
(pdftex.def)             Requested size: 597.78697pt x 773.60669pt.
File: ./Documentos/ATtiny2313.pdf Graphic file (type pdf)
<use ./Documentos/ATtiny2313.pdf, page 4>
Package pdftex.def Info: ./Documentos/ATtiny2313.pdf , page4 used on input line
 5.
(pdftex.def)             Requested size: 597.78697pt x 773.60669pt.
File: ./Documentos/ATtiny2313.pdf Graphic file (type pdf)
<use ./Documentos/ATtiny2313.pdf, page 4>
Package pdftex.def Info: ./Documentos/ATtiny2313.pdf , page4 used on input line
 5.
(pdftex.def)             Requested size: 597.78697pt x 773.60669pt.
File: ./Documentos/ATtiny2313.pdf Graphic file (type pdf)
<use ./Documentos/ATtiny2313.pdf, page 4>
Package pdftex.def Info: ./Documentos/ATtiny2313.pdf , page4 used on input line
 5.
(pdftex.def)             Requested size: 597.78697pt x 773.60669pt.
[28 <./Documentos/ATtiny2313.pdf>]
File: ./Documentos/ATtiny2313.pdf Graphic file (type pdf)
<use ./Documentos/ATtiny2313.pdf>
Package pdftex.def Info: ./Documentos/ATtiny2313.pdf  used on input line 5.
(pdftex.def)             Requested size: 614.29349pt x 794.96806pt.


pdfTeX warning: /usr/bin/pdflatex (file ./Documentos/ATtiny2313.pdf): PDF inclu
sion: found PDF version <1.6>, but at most version <1.5> allowed
File: ./Documentos/ATtiny2313.pdf Graphic file (type pdf)
<use ./Documentos/ATtiny2313.pdf>
Package pdftex.def Info: ./Documentos/ATtiny2313.pdf  used on input line 5.
(pdftex.def)             Requested size: 614.29349pt x 794.96806pt.


pdfTeX warning: /usr/bin/pdflatex (file ./Documentos/ATtiny2313.pdf): PDF inclu
sion: found PDF version <1.6>, but at most version <1.5> allowed


pdfTeX warning: /usr/bin/pdflatex (file ./Documentos/ATtiny2313.pdf): PDF inclu
sion: found PDF version <1.6>, but at most version <1.5> allowed
<./Documentos/ATtiny2313.pdf, id=429, page=5, 614.295pt x 794.97pt>
File: ./Documentos/ATtiny2313.pdf Graphic file (type pdf)
<use ./Documentos/ATtiny2313.pdf, page 5>
Package pdftex.def Info: ./Documentos/ATtiny2313.pdf , page5 used on input line
 5.
(pdftex.def)             Requested size: 614.29349pt x 794.96806pt.
File: ./Documentos/ATtiny2313.pdf Graphic file (type pdf)
<use ./Documentos/ATtiny2313.pdf, page 5>
Package pdftex.def Info: ./Documentos/ATtiny2313.pdf , page5 used on input line
 5.
(pdftex.def)             Requested size: 597.78697pt x 773.60669pt.
File: ./Documentos/ATtiny2313.pdf Graphic file (type pdf)
<use ./Documentos/ATtiny2313.pdf, page 5>
Package pdftex.def Info: ./Documentos/ATtiny2313.pdf , page5 used on input line
 5.
(pdftex.def)             Requested size: 597.78697pt x 773.60669pt.
File: ./Documentos/ATtiny2313.pdf Graphic file (type pdf)
<use ./Documentos/ATtiny2313.pdf, page 5>
Package pdftex.def Info: ./Documentos/ATtiny2313.pdf , page5 used on input line
 5.
(pdftex.def)             Requested size: 597.78697pt x 773.60669pt.
File: ./Documentos/ATtiny2313.pdf Graphic file (type pdf)
<use ./Documentos/ATtiny2313.pdf, page 5>
Package pdftex.def Info: ./Documentos/ATtiny2313.pdf , page5 used on input line
 5.
(pdftex.def)             Requested size: 597.78697pt x 773.60669pt.
[29 <./Documentos/ATtiny2313.pdf>]
File: ./Documentos/ATtiny2313.pdf Graphic file (type pdf)
<use ./Documentos/ATtiny2313.pdf>
Package pdftex.def Info: ./Documentos/ATtiny2313.pdf  used on input line 5.
(pdftex.def)             Requested size: 614.29349pt x 794.96806pt.


pdfTeX warning: /usr/bin/pdflatex (file ./Documentos/ATtiny2313.pdf): PDF inclu
sion: found PDF version <1.6>, but at most version <1.5> allowed
File: ./Documentos/ATtiny2313.pdf Graphic file (type pdf)
<use ./Documentos/ATtiny2313.pdf>
Package pdftex.def Info: ./Documentos/ATtiny2313.pdf  used on input line 5.
(pdftex.def)             Requested size: 614.29349pt x 794.96806pt.


pdfTeX warning: /usr/bin/pdflatex (file ./Documentos/ATtiny2313.pdf): PDF inclu
sion: found PDF version <1.6>, but at most version <1.5> allowed


pdfTeX warning: /usr/bin/pdflatex (file ./Documentos/ATtiny2313.pdf): PDF inclu
sion: found PDF version <1.6>, but at most version <1.5> allowed
<./Documentos/ATtiny2313.pdf, id=442, page=62, 614.295pt x 794.97pt>
File: ./Documentos/ATtiny2313.pdf Graphic file (type pdf)
<use ./Documentos/ATtiny2313.pdf, page 62>
Package pdftex.def Info: ./Documentos/ATtiny2313.pdf , page62 used on input lin
e 5.
(pdftex.def)             Requested size: 614.29349pt x 794.96806pt.
File: ./Documentos/ATtiny2313.pdf Graphic file (type pdf)
<use ./Documentos/ATtiny2313.pdf, page 62>
Package pdftex.def Info: ./Documentos/ATtiny2313.pdf , page62 used on input lin
e 5.
(pdftex.def)             Requested size: 597.78697pt x 773.60669pt.
File: ./Documentos/ATtiny2313.pdf Graphic file (type pdf)
<use ./Documentos/ATtiny2313.pdf, page 62>
Package pdftex.def Info: ./Documentos/ATtiny2313.pdf , page62 used on input lin
e 5.
(pdftex.def)             Requested size: 597.78697pt x 773.60669pt.
File: ./Documentos/ATtiny2313.pdf Graphic file (type pdf)
<use ./Documentos/ATtiny2313.pdf, page 62>
Package pdftex.def Info: ./Documentos/ATtiny2313.pdf , page62 used on input lin
e 5.
(pdftex.def)             Requested size: 597.78697pt x 773.60669pt.
File: ./Documentos/ATtiny2313.pdf Graphic file (type pdf)
<use ./Documentos/ATtiny2313.pdf, page 62>
Package pdftex.def Info: ./Documentos/ATtiny2313.pdf , page62 used on input lin
e 5.
(pdftex.def)             Requested size: 597.78697pt x 773.60669pt.
[30 <./Documentos/ATtiny2313.pdf>]

pdfTeX warning: /usr/bin/pdflatex (file ./Documentos/ATtiny2313.pdf): PDF inclu
sion: found PDF version <1.6>, but at most version <1.5> allowed
<./Documentos/ATtiny2313.pdf, id=452, page=63, 614.295pt x 794.97pt>
File: ./Documentos/ATtiny2313.pdf Graphic file (type pdf)
<use ./Documentos/ATtiny2313.pdf, page 63>
Package pdftex.def Info: ./Documentos/ATtiny2313.pdf , page63 used on input lin
e 5.
(pdftex.def)             Requested size: 597.78697pt x 773.60669pt.
File: ./Documentos/ATtiny2313.pdf Graphic file (type pdf)
<use ./Documentos/ATtiny2313.pdf, page 63>
Package pdftex.def Info: ./Documentos/ATtiny2313.pdf , page63 used on input lin
e 5.
(pdftex.def)             Requested size: 597.78697pt x 773.60669pt.
File: ./Documentos/ATtiny2313.pdf Graphic file (type pdf)
<use ./Documentos/ATtiny2313.pdf, page 63>
Package pdftex.def Info: ./Documentos/ATtiny2313.pdf , page63 used on input lin
e 5.
(pdftex.def)             Requested size: 597.78697pt x 773.60669pt.
[31 <./Documentos/ATtiny2313.pdf>]

pdfTeX warning: /usr/bin/pdflatex (file ./Documentos/ATtiny2313.pdf): PDF inclu
sion: found PDF version <1.6>, but at most version <1.5> allowed
<./Documentos/ATtiny2313.pdf, id=461, page=64, 614.295pt x 794.97pt>
File: ./Documentos/ATtiny2313.pdf Graphic file (type pdf)
<use ./Documentos/ATtiny2313.pdf, page 64>
Package pdftex.def Info: ./Documentos/ATtiny2313.pdf , page64 used on input lin
e 5.
(pdftex.def)             Requested size: 597.78697pt x 773.60669pt.
File: ./Documentos/ATtiny2313.pdf Graphic file (type pdf)
<use ./Documentos/ATtiny2313.pdf, page 64>
Package pdftex.def Info: ./Documentos/ATtiny2313.pdf , page64 used on input lin
e 5.
(pdftex.def)             Requested size: 597.78697pt x 773.60669pt.
File: ./Documentos/ATtiny2313.pdf Graphic file (type pdf)
<use ./Documentos/ATtiny2313.pdf, page 64>
Package pdftex.def Info: ./Documentos/ATtiny2313.pdf , page64 used on input lin
e 5.
(pdftex.def)             Requested size: 597.78697pt x 773.60669pt.
[32 <./Documentos/ATtiny2313.pdf>]

pdfTeX warning: /usr/bin/pdflatex (file ./Documentos/ATtiny2313.pdf): PDF inclu
sion: found PDF version <1.6>, but at most version <1.5> allowed
<./Documentos/ATtiny2313.pdf, id=470, page=65, 614.295pt x 794.97pt>
File: ./Documentos/ATtiny2313.pdf Graphic file (type pdf)
<use ./Documentos/ATtiny2313.pdf, page 65>
Package pdftex.def Info: ./Documentos/ATtiny2313.pdf , page65 used on input lin
e 5.
(pdftex.def)             Requested size: 597.78697pt x 773.60669pt.
File: ./Documentos/ATtiny2313.pdf Graphic file (type pdf)
<use ./Documentos/ATtiny2313.pdf, page 65>
Package pdftex.def Info: ./Documentos/ATtiny2313.pdf , page65 used on input lin
e 5.
(pdftex.def)             Requested size: 597.78697pt x 773.60669pt.
File: ./Documentos/ATtiny2313.pdf Graphic file (type pdf)
<use ./Documentos/ATtiny2313.pdf, page 65>
Package pdftex.def Info: ./Documentos/ATtiny2313.pdf , page65 used on input lin
e 5.
(pdftex.def)             Requested size: 597.78697pt x 773.60669pt.
[33 <./Documentos/ATtiny2313.pdf>]

pdfTeX warning: /usr/bin/pdflatex (file ./Documentos/ATtiny2313.pdf): PDF inclu
sion: found PDF version <1.6>, but at most version <1.5> allowed
<./Documentos/ATtiny2313.pdf, id=480, page=66, 614.295pt x 794.97pt>
File: ./Documentos/ATtiny2313.pdf Graphic file (type pdf)
<use ./Documentos/ATtiny2313.pdf, page 66>
Package pdftex.def Info: ./Documentos/ATtiny2313.pdf , page66 used on input lin
e 5.
(pdftex.def)             Requested size: 597.78697pt x 773.60669pt.
File: ./Documentos/ATtiny2313.pdf Graphic file (type pdf)
<use ./Documentos/ATtiny2313.pdf, page 66>
Package pdftex.def Info: ./Documentos/ATtiny2313.pdf , page66 used on input lin
e 5.
(pdftex.def)             Requested size: 597.78697pt x 773.60669pt.
File: ./Documentos/ATtiny2313.pdf Graphic file (type pdf)
<use ./Documentos/ATtiny2313.pdf, page 66>
Package pdftex.def Info: ./Documentos/ATtiny2313.pdf , page66 used on input lin
e 5.
(pdftex.def)             Requested size: 597.78697pt x 773.60669pt.
[34 <./Documentos/ATtiny2313.pdf>]

pdfTeX warning: /usr/bin/pdflatex (file ./Documentos/ATtiny2313.pdf): PDF inclu
sion: found PDF version <1.6>, but at most version <1.5> allowed
<./Documentos/ATtiny2313.pdf, id=489, page=67, 614.295pt x 794.97pt>
File: ./Documentos/ATtiny2313.pdf Graphic file (type pdf)
<use ./Documentos/ATtiny2313.pdf, page 67>
Package pdftex.def Info: ./Documentos/ATtiny2313.pdf , page67 used on input lin
e 5.
(pdftex.def)             Requested size: 597.78697pt x 773.60669pt.
File: ./Documentos/ATtiny2313.pdf Graphic file (type pdf)
<use ./Documentos/ATtiny2313.pdf, page 67>
Package pdftex.def Info: ./Documentos/ATtiny2313.pdf , page67 used on input lin
e 5.
(pdftex.def)             Requested size: 597.78697pt x 773.60669pt.
File: ./Documentos/ATtiny2313.pdf Graphic file (type pdf)
<use ./Documentos/ATtiny2313.pdf, page 67>
Package pdftex.def Info: ./Documentos/ATtiny2313.pdf , page67 used on input lin
e 5.
(pdftex.def)             Requested size: 597.78697pt x 773.60669pt.
[35 <./Documentos/ATtiny2313.pdf>]

pdfTeX warning: /usr/bin/pdflatex (file ./Documentos/ATtiny2313.pdf): PDF inclu
sion: found PDF version <1.6>, but at most version <1.5> allowed
<./Documentos/ATtiny2313.pdf, id=498, page=68, 614.295pt x 794.97pt>
File: ./Documentos/ATtiny2313.pdf Graphic file (type pdf)
<use ./Documentos/ATtiny2313.pdf, page 68>
Package pdftex.def Info: ./Documentos/ATtiny2313.pdf , page68 used on input lin
e 5.
(pdftex.def)             Requested size: 597.78697pt x 773.60669pt.
File: ./Documentos/ATtiny2313.pdf Graphic file (type pdf)
<use ./Documentos/ATtiny2313.pdf, page 68>
Package pdftex.def Info: ./Documentos/ATtiny2313.pdf , page68 used on input lin
e 5.
(pdftex.def)             Requested size: 597.78697pt x 773.60669pt.
File: ./Documentos/ATtiny2313.pdf Graphic file (type pdf)
<use ./Documentos/ATtiny2313.pdf, page 68>
Package pdftex.def Info: ./Documentos/ATtiny2313.pdf , page68 used on input lin
e 5.
(pdftex.def)             Requested size: 597.78697pt x 773.60669pt.
[36 <./Documentos/ATtiny2313.pdf>]
<./Documentos/74LS139 Datasheet.pdf, id=507, 614.295pt x 794.97pt>
File: ./Documentos/74LS139 Datasheet.pdf Graphic file (type pdf)
<use ./Documentos/74LS139 Datasheet.pdf>
Package pdftex.def Info: ./Documentos/74LS139 Datasheet.pdf  used on input line
 8.
(pdftex.def)             Requested size: 614.29349pt x 794.96806pt.
File: ./Documentos/74LS139 Datasheet.pdf Graphic file (type pdf)
<use ./Documentos/74LS139 Datasheet.pdf>
Package pdftex.def Info: ./Documentos/74LS139 Datasheet.pdf  used on input line
 8.
(pdftex.def)             Requested size: 614.29349pt x 794.96806pt.
<./Documentos/74LS139 Datasheet.pdf, id=510, page=1, 614.295pt x 794.97pt>
File: ./Documentos/74LS139 Datasheet.pdf Graphic file (type pdf)
<use ./Documentos/74LS139 Datasheet.pdf, page 1>
Package pdftex.def Info: ./Documentos/74LS139 Datasheet.pdf , page1 used on inp
ut line 8.
(pdftex.def)             Requested size: 614.29349pt x 794.96806pt.
File: ./Documentos/74LS139 Datasheet.pdf Graphic file (type pdf)
<use ./Documentos/74LS139 Datasheet.pdf, page 1>
Package pdftex.def Info: ./Documentos/74LS139 Datasheet.pdf , page1 used on inp
ut line 8.
(pdftex.def)             Requested size: 597.78697pt x 773.60669pt.
File: ./Documentos/74LS139 Datasheet.pdf Graphic file (type pdf)
<use ./Documentos/74LS139 Datasheet.pdf, page 1>
Package pdftex.def Info: ./Documentos/74LS139 Datasheet.pdf , page1 used on inp
ut line 8.
(pdftex.def)             Requested size: 597.78697pt x 773.60669pt.
File: ./Documentos/74LS139 Datasheet.pdf Graphic file (type pdf)
<use ./Documentos/74LS139 Datasheet.pdf, page 1>
Package pdftex.def Info: ./Documentos/74LS139 Datasheet.pdf , page1 used on inp
ut line 8.
(pdftex.def)             Requested size: 597.78697pt x 773.60669pt.
File: ./Documentos/74LS139 Datasheet.pdf Graphic file (type pdf)
<use ./Documentos/74LS139 Datasheet.pdf, page 1>
Package pdftex.def Info: ./Documentos/74LS139 Datasheet.pdf , page1 used on inp
ut line 8.
(pdftex.def)             Requested size: 597.78697pt x 773.60669pt.
 [37 <./Documentos/74LS139 Datasheet.pdf>])
(./main.aux
LaTeX Info: Redefining \. on input line 26.
LaTeX Info: Redefining \% on input line 26.
)

LaTeX Warning: There were undefined references.


LaTeX Warning: There were multiply-defined labels.

Package rerunfilecheck Info: File `main.out' has not changed.
(rerunfilecheck)             Checksum: 7DA525D5F85B1CD59288B7EEECE73ECF;600.
 ) 
Here is how much of TeX's memory you used:
 42519 strings out of 478287
 994252 string characters out of 5849289
 1495500 words of memory out of 5000000
 60005 multiletter control sequences out of 15000+600000
 479129 words of font info for 66 fonts, out of 8000000 for 9000
 1141 hyphenation exceptions out of 8191
 99i,17n,103p,2048b,1011s stack positions out of 5000i,500n,10000p,200000b,80000s
{/usr/share/texmf/fonts/enc/dvips/cm-super/cm-super-ts1.enc}</usr/share/texli
ve/texmf-dist/fonts/type1/public/amsfonts/cm/cmbx12.pfb></usr/share/texlive/tex
mf-dist/fonts/type1/public/amsfonts/cm/cmcsc10.pfb></usr/share/texlive/texmf-di
st/fonts/type1/public/amsfonts/cm/cmmi12.pfb></usr/share/texlive/texmf-dist/fon
ts/type1/public/amsfonts/cm/cmr10.pfb></usr/share/texlive/texmf-dist/fonts/type
1/public/amsfonts/cm/cmr12.pfb></usr/share/texlive/texmf-dist/fonts/type1/publi
c/amsfonts/cm/cmr17.pfb></usr/share/texlive/texmf-dist/fonts/type1/public/amsfo
nts/cm/cmr8.pfb></usr/share/texlive/texmf-dist/fonts/type1/public/amsfonts/cm/c
msy10.pfb></usr/share/texlive/texmf-dist/fonts/type1/public/amsfonts/cm/cmtt12.
pfb></usr/share/texlive/texmf-dist/fonts/type1/public/amsfonts/symbols/msam10.p
fb></usr/share/texmf/fonts/type1/public/cm-super/sfrm1200.pfb>
Output written on main.pdf (41 pages, 1507646 bytes).
PDF statistics:
 602 PDF objects out of 1000 (max. 8388607)
 422 compressed objects within 5 object streams
 119 named destinations out of 1000 (max. 500000)
 343 words of extra memory for PDF output out of 10000 (max. 10000000)

